Using pre-set license
Built from '2021.1/staging' branch; Version is '2021.1.2f1 (e5d502d80fbb) revision 15062274'; Using compiler version '192528614'; Build Type 'Release'
OS: 'Windows 10 Home; OS build 19041.867; Version 2004; 64bit' Language: 'en' Physical Memory: 16381 MB
BatchMode: 1, IsHumanControllingUs: 0, StartBugReporterOnCrash: 0, Is64bit: 1, IsPro: 0

 COMMAND LINE ARGUMENTS:
D:\Program Files\2021.1.2f1\Editor\Unity.exe
-adb2
-batchMode
-noUpm
-name
AssetImportWorker0
-projectPath
D:/Program Files/GitHub/LMC2730/Wreck Me If You Can
-logFile
Logs/AssetImportWorker0.log
-srvPort
62942
Successfully changed project path to: D:/Program Files/GitHub/LMC2730/Wreck Me If You Can
D:/Program Files/GitHub/LMC2730/Wreck Me If You Can
Using Asset Import Pipeline V2.
Refreshing native plugins compatible for Editor in 124.63 ms, found 1 plugins.
Preloading 0 native plugins for Editor in 0.00 ms.
Initialize engine version: 2021.1.2f1 (e5d502d80fbb)
[Subsystems] Discovering subsystems at path D:/Program Files/2021.1.2f1/Editor/Data/Resources/UnitySubsystems
[Subsystems] Discovering subsystems at path D:/Program Files/GitHub/LMC2730/Wreck Me If You Can/Assets
GfxDevice: creating device client; threaded=0; jobified=0
Direct3D:
    Version:  Direct3D 11.0 [level 11.1]
    Renderer: NVIDIA GeForce GTX 1060 6GB (ID=0x1c03)
    Vendor:   NVIDIA
    VRAM:     6052 MB
    Driver:   27.21.14.5671
Initialize mono
Mono path[0] = 'D:/Program Files/2021.1.2f1/Editor/Data/Managed'
Mono path[1] = 'D:/Program Files/2021.1.2f1/Editor/Data/MonoBleedingEdge/lib/mono/unityjit'
Mono config path = 'D:/Program Files/2021.1.2f1/Editor/Data/MonoBleedingEdge/etc'
Using monoOptions --debugger-agent=transport=dt_socket,embedding=1,server=y,suspend=n,address=127.0.0.1:56640
Begin MonoManager ReloadAssembly
Registering precompiled unity dll's ...
Register platform support module: D:/Program Files/2021.1.2f1/Editor/Data/PlaybackEngines/WindowsStandaloneSupport/UnityEditor.WindowsStandalone.Extensions.dll
Registered in 0.002894 seconds.
Native extension for WindowsStandalone target not found
Refreshing native plugins compatible for Editor in 146.64 ms, found 1 plugins.
Preloading 0 native plugins for Editor in 0.00 ms.
Mono: successfully reloaded assembly
- Completed reload, in  1.991 seconds
Platform modules already initialized, skipping
Registering precompiled user dll's ...
Registered in 0.005271 seconds.
Begin MonoManager ReloadAssembly
Native extension for WindowsStandalone target not found
Refreshing native plugins compatible for Editor in 0.87 ms, found 1 plugins.
Preloading 0 native plugins for Editor in 0.00 ms.
Mono: successfully reloaded assembly
- Completed reload, in  1.903 seconds
Platform modules already initialized, skipping
========================================================================
Worker process is ready to serve import requests
Launched and connected shader compiler UnityShaderCompiler.exe after 0.07 seconds
Refreshing native plugins compatible for Editor in 1.07 ms, found 1 plugins.
Preloading 0 native plugins for Editor in 0.00 ms.
Unloading 2665 Unused Serialized files (Serialized files now loaded: 0)
System memory in use before: 98.2 MB.
System memory in use after: 98.3 MB.

Unloading 15 unused Assets to reduce memory usage. Loaded Objects now: 3117.
Total: 3.679800 ms (FindLiveObjects: 0.441200 ms CreateObjectMapping: 0.187700 ms MarkObjects: 2.943600 ms  DeleteObjects: 0.105700 ms)

========================================================================
Received Import Request.
  path: Assets/Models
  artifactKey: Guid(c2a22537dd7c40d4e8a16b5851d1111a) Importer(815301076,1909f56bfc062723c751e8b465ee728b)
Start importing Assets/Models using Guid(c2a22537dd7c40d4e8a16b5851d1111a) Importer(815301076,1909f56bfc062723c751e8b465ee728b)  -> (artifact id: '2f77992b9e7237307c84b13edfb534ac') in 0.015838 seconds 
========================================================================
Received Import Request.
  Time since last request: 0.000225 seconds.
  path: Assets/Models/wreck1.fbx
  artifactKey: Guid(657eb8e63a681194191fac2ef52809eb) Importer(815301076,1909f56bfc062723c751e8b465ee728b)
Start importing Assets/Models/wreck1.fbx using Guid(657eb8e63a681194191fac2ef52809eb) Importer(815301076,1909f56bfc062723c751e8b465ee728b)  -> (artifact id: 'a6f1e5677c0386ddbad5f7db5ecf4501') in 1.113720 seconds 
AssetImportWorkerClient::OnTransportError - code=2 error=End of file
